2023-05-02 13:12:53	[INFO]:	main.go:41 
     _                         
  __| |  ___  _ __ ___    ___  
 / _` | / _ \| '_ ` _ \  / _ \ 
| (_| ||  __/| | | | | || (_) |
 \__,_| \___||_| |_| |_| \___/ 
                               

2023-05-02 13:14:00	[INFO]:	main.go:41 
     _                         
  __| |  ___  _ __ ___    ___  
 / _` | / _ \| '_ ` _ \  / _ \ 
| (_| ||  __/| | | | | || (_) |
 \__,_| \___||_| |_| |_| \___/ 
                               

2023-05-02 13:15:37	[INFO]:	main.go:41 
     _                         
  __| |  ___  _ __ ___    ___  
 / _` | / _ \| '_ ` _ \  / _ \ 
| (_| ||  __/| | | | | || (_) |
 \__,_| \___||_| |_| |_| \___/ 
                               

2023-05-02 13:20:18	[INFO]:	main.go:41 
     _                         
  __| |  ___  _ __ ___    ___  
 / _` | / _ \| '_ ` _ \  / _ \ 
| (_| ||  __/| | | | | || (_) |
 \__,_| \___||_| |_| |_| \___/ 
                               

2023-05-02 13:20:53	[INFO]:	main.go:41 
     _                         
  __| |  ___  _ __ ___    ___  
 / _` | / _ \| '_ ` _ \  / _ \ 
| (_| ||  __/| | | | | || (_) |
 \__,_| \___||_| |_| |_| \___/ 
                               

2023-05-02 13:25:14	[INFO]:	main.go:41 
     _                         
  __| |  ___  _ __ ___    ___  
 / _` | / _ \| '_ ` _ \  / _ \ 
| (_| ||  __/| | | | | || (_) |
 \__,_| \___||_| |_| |_| \___/ 
                               

2023-05-02 13:27:02	[INFO]:	main.go:41 
     _                         
  __| |  ___  _ __ ___    ___  
 / _` | / _ \| '_ ` _ \  / _ \ 
| (_| ||  __/| | | | | || (_) |
 \__,_| \___||_| |_| |_| \___/ 
                               

2023-05-02 13:29:08	[INFO]:	main.go:41 
     _                         
  __| |  ___  _ __ ___    ___  
 / _` | / _ \| '_ ` _ \  / _ \ 
| (_| ||  __/| | | | | || (_) |
 \__,_| \___||_| |_| |_| \___/ 
                               

2023-05-02 13:34:50	[INFO]:	main.go:41 
     _                         
  __| |  ___  _ __ ___    ___  
 / _` | / _ \| '_ ` _ \  / _ \ 
| (_| ||  __/| | | | | || (_) |
 \__,_| \___||_| |_| |_| \___/ 
                               

2023-05-02 13:38:37	[INFO]:	main.go:41 
     _                         
  __| |  ___  _ __ ___    ___  
 / _` | / _ \| '_ ` _ \  / _ \ 
| (_| ||  __/| | | | | || (_) |
 \__,_| \___||_| |_| |_| \___/ 
                               

2023-05-02 13:41:03	[INFO]:	main.go:41 
     _                         
  __| |  ___  _ __ ___    ___  
 / _` | / _ \| '_ ` _ \  / _ \ 
| (_| ||  __/| | | | | || (_) |
 \__,_| \___||_| |_| |_| \___/ 
                               

2023-05-02 13:48:43	[INFO]:	main.go:41 
     _                         
  __| |  ___  _ __ ___    ___  
 / _` | / _ \| '_ ` _ \  / _ \ 
| (_| ||  __/| | | | | || (_) |
 \__,_| \___||_| |_| |_| \___/ 
                               

2023-05-02 13:50:21	[INFO]:	main.go:41 
     _                         
  __| |  ___  _ __ ___    ___  
 / _` | / _ \| '_ ` _ \  / _ \ 
| (_| ||  __/| | | | | || (_) |
 \__,_| \___||_| |_| |_| \___/ 
                               

2023-05-02 13:50:43	[INFO]:	main.go:41 
     _                         
  __| |  ___  _ __ ___    ___  
 / _` | / _ \| '_ ` _ \  / _ \ 
| (_| ||  __/| | | | | || (_) |
 \__,_| \___||_| |_| |_| \___/ 
                               

2023-05-02 14:01:55	[INFO]:	main.go:41 
     _                         
  __| |  ___  _ __ ___    ___  
 / _` | / _ \| '_ ` _ \  / _ \ 
| (_| ||  __/| | | | | || (_) |
 \__,_| \___||_| |_| |_| \___/ 
                               

2023-05-02 14:06:52	[INFO]:	main.go:41 
     _                         
  __| |  ___  _ __ ___    ___  
 / _` | / _ \| '_ ` _ \  / _ \ 
| (_| ||  __/| | | | | || (_) |
 \__,_| \___||_| |_| |_| \___/ 
                               

2023-05-02 14:12:15	[INFO]:	main.go:41 
     _                         
  __| |  ___  _ __ ___    ___  
 / _` | / _ \| '_ ` _ \  / _ \ 
| (_| ||  __/| | | | | || (_) |
 \__,_| \___||_| |_| |_| \___/ 
                               

2023-05-02 14:20:21	[INFO]:	main.go:41 
     _                         
  __| |  ___  _ __ ___    ___  
 / _` | / _ \| '_ ` _ \  / _ \ 
| (_| ||  __/| | | | | || (_) |
 \__,_| \___||_| |_| |_| \___/ 
                               

2023-05-03 17:25:51	[INFO]:	main.go:41 
     _                         
  __| |  ___  _ __ ___    ___  
 / _` | / _ \| '_ ` _ \  / _ \ 
| (_| ||  __/| | | | | || (_) |
 \__,_| \___||_| |_| |_| \___/ 
                               

2023-05-03 17:28:38	[INFO]:	main.go:41 
     _                         
  __| |  ___  _ __ ___    ___  
 / _` | / _ \| '_ ` _ \  / _ \ 
| (_| ||  __/| | | | | || (_) |
 \__,_| \___||_| |_| |_| \___/ 
                               

2023-05-03 20:36:21	[INFO]:	main.go:41 
     _                         
  __| |  ___  _ __ ___    ___  
 / _` | / _ \| '_ ` _ \  / _ \ 
| (_| ||  __/| | | | | || (_) |
 \__,_| \___||_| |_| |_| \___/ 
                               

2023-05-03 20:41:44	[INFO]:	main.go:41 
     _                         
  __| |  ___  _ __ ___    ___  
 / _` | / _ \| '_ ` _ \  / _ \ 
| (_| ||  __/| | | | | || (_) |
 \__,_| \___||_| |_| |_| \___/ 
                               

2023-05-03 21:56:13	[INFO]:	main.go:41 
     _                         
  __| |  ___  _ __ ___    ___  
 / _` | / _ \| '_ ` _ \  / _ \ 
| (_| ||  __/| | | | | || (_) |
 \__,_| \___||_| |_| |_| \___/ 
                               

2023-05-03 22:00:16	[INFO]:	main.go:41 
     _                         
  __| |  ___  _ __ ___    ___  
 / _` | / _ \| '_ ` _ \  / _ \ 
| (_| ||  __/| | | | | || (_) |
 \__,_| \___||_| |_| |_| \___/ 
                               

2023-05-03 22:02:41	[INFO]:	main.go:41 
     _                         
  __| |  ___  _ __ ___    ___  
 / _` | / _ \| '_ ` _ \  / _ \ 
| (_| ||  __/| | | | | || (_) |
 \__,_| \___||_| |_| |_| \___/ 
                               

2023-05-03 22:06:01	[INFO]:	main.go:41 
     _                         
  __| |  ___  _ __ ___    ___  
 / _` | / _ \| '_ ` _ \  / _ \ 
| (_| ||  __/| | | | | || (_) |
 \__,_| \___||_| |_| |_| \___/ 
                               

2023-05-03 22:07:02	[INFO]:	main.go:41 
     _                         
  __| |  ___  _ __ ___    ___  
 / _` | / _ \| '_ ` _ \  / _ \ 
| (_| ||  __/| | | | | || (_) |
 \__,_| \___||_| |_| |_| \___/ 
                               

2023-05-03 22:07:40	[INFO]:	main.go:41 
     _                         
  __| |  ___  _ __ ___    ___  
 / _` | / _ \| '_ ` _ \  / _ \ 
| (_| ||  __/| | | | | || (_) |
 \__,_| \___||_| |_| |_| \___/ 
                               

2023-05-03 22:09:22	[INFO]:	main.go:41 
     _                         
  __| |  ___  _ __ ___    ___  
 / _` | / _ \| '_ ` _ \  / _ \ 
| (_| ||  __/| | | | | || (_) |
 \__,_| \___||_| |_| |_| \___/ 
                               

2023-05-03 22:10:43	[INFO]:	main.go:41 
     _                         
  __| |  ___  _ __ ___    ___  
 / _` | / _ \| '_ ` _ \  / _ \ 
| (_| ||  __/| | | | | || (_) |
 \__,_| \___||_| |_| |_| \___/ 
                               

2023-05-03 22:11:20	[INFO]:	main.go:41 
     _                         
  __| |  ___  _ __ ___    ___  
 / _` | / _ \| '_ ` _ \  / _ \ 
| (_| ||  __/| | | | | || (_) |
 \__,_| \___||_| |_| |_| \___/ 
                               

2023-05-03 22:13:28	[INFO]:	main.go:41 
     _                         
  __| |  ___  _ __ ___    ___  
 / _` | / _ \| '_ ` _ \  / _ \ 
| (_| ||  __/| | | | | || (_) |
 \__,_| \___||_| |_| |_| \___/ 
                               

2023-05-03 22:14:45	[INFO]:	main.go:41 
     _                         
  __| |  ___  _ __ ___    ___  
 / _` | / _ \| '_ ` _ \  / _ \ 
| (_| ||  __/| | | | | || (_) |
 \__,_| \___||_| |_| |_| \___/ 
                               

2023-05-03 22:15:38	[INFO]:	main.go:41 
     _                         
  __| |  ___  _ __ ___    ___  
 / _` | / _ \| '_ ` _ \  / _ \ 
| (_| ||  __/| | | | | || (_) |
 \__,_| \___||_| |_| |_| \___/ 
                               

2023-05-03 22:16:27	[INFO]:	main.go:41 
     _                         
  __| |  ___  _ __ ___    ___  
 / _` | / _ \| '_ ` _ \  / _ \ 
| (_| ||  __/| | | | | || (_) |
 \__,_| \___||_| |_| |_| \___/ 
                               

2023-05-03 22:19:13	[INFO]:	main.go:41 
     _                         
  __| |  ___  _ __ ___    ___  
 / _` | / _ \| '_ ` _ \  / _ \ 
| (_| ||  __/| | | | | || (_) |
 \__,_| \___||_| |_| |_| \___/ 
                               

2023-05-03 22:20:55	[INFO]:	main.go:41 
     _                         
  __| |  ___  _ __ ___    ___  
 / _` | / _ \| '_ ` _ \  / _ \ 
| (_| ||  __/| | | | | || (_) |
 \__,_| \___||_| |_| |_| \___/ 
                               

2023-05-03 22:22:59	[INFO]:	main.go:41 
     _                         
  __| |  ___  _ __ ___    ___  
 / _` | / _ \| '_ ` _ \  / _ \ 
| (_| ||  __/| | | | | || (_) |
 \__,_| \___||_| |_| |_| \___/ 
                               

2023-05-03 22:27:12	[INFO]:	main.go:41 
     _                         
  __| |  ___  _ __ ___    ___  
 / _` | / _ \| '_ ` _ \  / _ \ 
| (_| ||  __/| | | | | || (_) |
 \__,_| \___||_| |_| |_| \___/ 
                               

2023-05-03 22:28:36	[INFO]:	main.go:41 
     _                         
  __| |  ___  _ __ ___    ___  
 / _` | / _ \| '_ ` _ \  / _ \ 
| (_| ||  __/| | | | | || (_) |
 \__,_| \___||_| |_| |_| \___/ 
                               

2023-05-03 22:29:05	[INFO]:	main.go:41 
     _                         
  __| |  ___  _ __ ___    ___  
 / _` | / _ \| '_ ` _ \  / _ \ 
| (_| ||  __/| | | | | || (_) |
 \__,_| \___||_| |_| |_| \___/ 
                               

2023-05-03 22:30:15	[INFO]:	main.go:41 
     _                         
  __| |  ___  _ __ ___    ___  
 / _` | / _ \| '_ ` _ \  / _ \ 
| (_| ||  __/| | | | | || (_) |
 \__,_| \___||_| |_| |_| \___/ 
                               

2023-05-03 22:31:33	[INFO]:	main.go:41 
     _                         
  __| |  ___  _ __ ___    ___  
 / _` | / _ \| '_ ` _ \  / _ \ 
| (_| ||  __/| | | | | || (_) |
 \__,_| \___||_| |_| |_| \___/ 
                               

2023-05-04 07:41:00	[INFO]:	main.go:41 
     _                         
  __| |  ___  _ __ ___    ___  
 / _` | / _ \| '_ ` _ \  / _ \ 
| (_| ||  __/| | | | | || (_) |
 \__,_| \___||_| |_| |_| \___/ 
                               

2023-05-04 13:41:25	[INFO]:	main.go:41 
     _                         
  __| |  ___  _ __ ___    ___  
 / _` | / _ \| '_ ` _ \  / _ \ 
| (_| ||  __/| | | | | || (_) |
 \__,_| \___||_| |_| |_| \___/ 
                               

2023-05-04 13:53:31	[INFO]:	main.go:41 
     _                         
  __| |  ___  _ __ ___    ___  
 / _` | / _ \| '_ ` _ \  / _ \ 
| (_| ||  __/| | | | | || (_) |
 \__,_| \___||_| |_| |_| \___/ 
                               

2023-05-04 21:28:34	[INFO]:	main.go:41 
     _                         
  __| |  ___  _ __ ___    ___  
 / _` | / _ \| '_ ` _ \  / _ \ 
| (_| ||  __/| | | | | || (_) |
 \__,_| \___||_| |_| |_| \___/ 
                               

2023-05-04 21:32:05	[INFO]:	main.go:41 
     _                         
  __| |  ___  _ __ ___    ___  
 / _` | / _ \| '_ ` _ \  / _ \ 
| (_| ||  __/| | | | | || (_) |
 \__,_| \___||_| |_| |_| \___/ 
                               

2023-05-07 10:20:39	[INFO]:	main.go:41 
     _                         
  __| |  ___  _ __ ___    ___  
 / _` | / _ \| '_ ` _ \  / _ \ 
| (_| ||  __/| | | | | || (_) |
 \__,_| \___||_| |_| |_| \___/ 
                               

2023-05-07 10:24:38	[INFO]:	main.go:41 
     _                         
  __| |  ___  _ __ ___    ___  
 / _` | / _ \| '_ ` _ \  / _ \ 
| (_| ||  __/| | | | | || (_) |
 \__,_| \___||_| |_| |_| \___/ 
                               

2023-05-07 10:27:50	[INFO]:	main.go:41 
     _                         
  __| |  ___  _ __ ___    ___  
 / _` | / _ \| '_ ` _ \  / _ \ 
| (_| ||  __/| | | | | || (_) |
 \__,_| \___||_| |_| |_| \___/ 
                               

2023-05-07 10:28:59	[INFO]:	main.go:41 
     _                         
  __| |  ___  _ __ ___    ___  
 / _` | / _ \| '_ ` _ \  / _ \ 
| (_| ||  __/| | | | | || (_) |
 \__,_| \___||_| |_| |_| \___/ 
                               

2023-05-07 10:32:20	[INFO]:	main.go:41 
     _                         
  __| |  ___  _ __ ___    ___  
 / _` | / _ \| '_ ` _ \  / _ \ 
| (_| ||  __/| | | | | || (_) |
 \__,_| \___||_| |_| |_| \___/ 
                               

2023-05-07 10:34:15	[INFO]:	main.go:41 
     _                         
  __| |  ___  _ __ ___    ___  
 / _` | / _ \| '_ ` _ \  / _ \ 
| (_| ||  __/| | | | | || (_) |
 \__,_| \___||_| |_| |_| \___/ 
                               

2023-05-07 10:34:51	[INFO]:	main.go:41 
     _                         
  __| |  ___  _ __ ___    ___  
 / _` | / _ \| '_ ` _ \  / _ \ 
| (_| ||  __/| | | | | || (_) |
 \__,_| \___||_| |_| |_| \___/ 
                               

2023-05-07 10:52:47	[INFO]:	main.go:41 
     _                         
  __| |  ___  _ __ ___    ___  
 / _` | / _ \| '_ ` _ \  / _ \ 
| (_| ||  __/| | | | | || (_) |
 \__,_| \___||_| |_| |_| \___/ 
                               

2023-05-07 10:53:12	[INFO]:	main.go:41 
     _                         
  __| |  ___  _ __ ___    ___  
 / _` | / _ \| '_ ` _ \  / _ \ 
| (_| ||  __/| | | | | || (_) |
 \__,_| \___||_| |_| |_| \___/ 
                               

2023-05-07 10:53:46	[INFO]:	main.go:41 
     _                         
  __| |  ___  _ __ ___    ___  
 / _` | / _ \| '_ ` _ \  / _ \ 
| (_| ||  __/| | | | | || (_) |
 \__,_| \___||_| |_| |_| \___/ 
                               

2023-05-07 10:53:59	[INFO]:	main.go:41 
     _                         
  __| |  ___  _ __ ___    ___  
 / _` | / _ \| '_ ` _ \  / _ \ 
| (_| ||  __/| | | | | || (_) |
 \__,_| \___||_| |_| |_| \___/ 
                               

2023-05-07 10:54:52	[INFO]:	main.go:41 
                 ___               _                      _            ___                         
  __ _   ___    / __\  __ _   ___ | | __  ___  _ __    __| |          /   \  ___  _ __ ___    ___  
 / _` | / _ \  /__\// / _` | / __|| |/ / / _ \| '_ \  / _` | _____   / /\ / / _ \| '_ ` _ \  / _ \ 
| (_| || (_) |/ \/  \| (_| || (__ |   < |  __/| | | || (_| ||_____| / /_// |  __/| | | | | || (_) |
 \__, | \___/ \_____/ \__,_| \___||_|\_\ \___||_| |_| \__,_|       /___,'   \___||_| |_| |_| \___/ 
 |___/                                                                                             

2023-05-07 10:59:38	[INFO]:	main.go:41 
                 ___               _                      _            ___                         
  __ _   ___    / __\  __ _   ___ | | __  ___  _ __    __| |          /   \  ___  _ __ ___    ___  
 / _` | / _ \  /__\// / _` | / __|| |/ / / _ \| '_ \  / _` | _____   / /\ / / _ \| '_ ` _ \  / _ \ 
| (_| || (_) |/ \/  \| (_| || (__ |   < |  __/| | | || (_| ||_____| / /_// |  __/| | | | | || (_) |
 \__, | \___/ \_____/ \__,_| \___||_|\_\ \___||_| |_| \__,_|       /___,'   \___||_| |_| |_| \___/ 
 |___/                                                                                             

2023-05-07 11:25:32	[INFO]:	main.go:41 
                 ___               _                      _            ___                         
  __ _   ___    / __\  __ _   ___ | | __  ___  _ __    __| |          /   \  ___  _ __ ___    ___  
 / _` | / _ \  /__\// / _` | / __|| |/ / / _ \| '_ \  / _` | _____   / /\ / / _ \| '_ ` _ \  / _ \ 
| (_| || (_) |/ \/  \| (_| || (__ |   < |  __/| | | || (_| ||_____| / /_// |  __/| | | | | || (_) |
 \__, | \___/ \_____/ \__,_| \___||_|\_\ \___||_| |_| \__,_|       /___,'   \___||_| |_| |_| \___/ 
 |___/                                                                                             

2023-05-07 11:26:59	[INFO]:	main.go:41 
                 ___               _                      _            ___                         
  __ _   ___    / __\  __ _   ___ | | __  ___  _ __    __| |          /   \  ___  _ __ ___    ___  
 / _` | / _ \  /__\// / _` | / __|| |/ / / _ \| '_ \  / _` | _____   / /\ / / _ \| '_ ` _ \  / _ \ 
| (_| || (_) |/ \/  \| (_| || (__ |   < |  __/| | | || (_| ||_____| / /_// |  __/| | | | | || (_) |
 \__, | \___/ \_____/ \__,_| \___||_|\_\ \___||_| |_| \__,_|       /___,'   \___||_| |_| |_| \___/ 
 |___/                                                                                             

2023-05-07 17:19:52	[INFO]:	main.go:41 
                 ___               _                      _            ___                         
  __ _   ___    / __\  __ _   ___ | | __  ___  _ __    __| |          /   \  ___  _ __ ___    ___  
 / _` | / _ \  /__\// / _` | / __|| |/ / / _ \| '_ \  / _` | _____   / /\ / / _ \| '_ ` _ \  / _ \ 
| (_| || (_) |/ \/  \| (_| || (__ |   < |  __/| | | || (_| ||_____| / /_// |  __/| | | | | || (_) |
 \__, | \___/ \_____/ \__,_| \___||_|\_\ \___||_| |_| \__,_|       /___,'   \___||_| |_| |_| \___/ 
 |___/                                                                                             

2023-05-07 20:45:07	[INFO]:	main.go:41 
                 ___               _                      _            ___                         
  __ _   ___    / __\  __ _   ___ | | __  ___  _ __    __| |          /   \  ___  _ __ ___    ___  
 / _` | / _ \  /__\// / _` | / __|| |/ / / _ \| '_ \  / _` | _____   / /\ / / _ \| '_ ` _ \  / _ \ 
| (_| || (_) |/ \/  \| (_| || (__ |   < |  __/| | | || (_| ||_____| / /_// |  __/| | | | | || (_) |
 \__, | \___/ \_____/ \__,_| \___||_|\_\ \___||_| |_| \__,_|       /___,'   \___||_| |_| |_| \___/ 
 |___/                                                                                             

2023-05-07 20:57:02	[INFO]:	main.go:41 
                 ___               _                      _            ___                         
  __ _   ___    / __\  __ _   ___ | | __  ___  _ __    __| |          /   \  ___  _ __ ___    ___  
 / _` | / _ \  /__\// / _` | / __|| |/ / / _ \| '_ \  / _` | _____   / /\ / / _ \| '_ ` _ \  / _ \ 
| (_| || (_) |/ \/  \| (_| || (__ |   < |  __/| | | || (_| ||_____| / /_// |  __/| | | | | || (_) |
 \__, | \___/ \_____/ \__,_| \___||_|\_\ \___||_| |_| \__,_|       /___,'   \___||_| |_| |_| \___/ 
 |___/                                                                                             

2023-05-07 20:57:53	[INFO]:	main.go:41 
                 ___               _                      _            ___                         
  __ _   ___    / __\  __ _   ___ | | __  ___  _ __    __| |          /   \  ___  _ __ ___    ___  
 / _` | / _ \  /__\// / _` | / __|| |/ / / _ \| '_ \  / _` | _____   / /\ / / _ \| '_ ` _ \  / _ \ 
| (_| || (_) |/ \/  \| (_| || (__ |   < |  __/| | | || (_| ||_____| / /_// |  __/| | | | | || (_) |
 \__, | \___/ \_____/ \__,_| \___||_|\_\ \___||_| |_| \__,_|       /___,'   \___||_| |_| |_| \___/ 
 |___/                                                                                             

2023-05-07 20:59:32	[INFO]:	main.go:41 
                 ___               _                      _            ___                         
  __ _   ___    / __\  __ _   ___ | | __  ___  _ __    __| |          /   \  ___  _ __ ___    ___  
 / _` | / _ \  /__\// / _` | / __|| |/ / / _ \| '_ \  / _` | _____   / /\ / / _ \| '_ ` _ \  / _ \ 
| (_| || (_) |/ \/  \| (_| || (__ |   < |  __/| | | || (_| ||_____| / /_// |  __/| | | | | || (_) |
 \__, | \___/ \_____/ \__,_| \___||_|\_\ \___||_| |_| \__,_|       /___,'   \___||_| |_| |_| \___/ 
 |___/                                                                                             

2023-05-07 21:02:02	[INFO]:	main.go:41 
                 ___               _                      _            ___                         
  __ _   ___    / __\  __ _   ___ | | __  ___  _ __    __| |          /   \  ___  _ __ ___    ___  
 / _` | / _ \  /__\// / _` | / __|| |/ / / _ \| '_ \  / _` | _____   / /\ / / _ \| '_ ` _ \  / _ \ 
| (_| || (_) |/ \/  \| (_| || (__ |   < |  __/| | | || (_| ||_____| / /_// |  __/| | | | | || (_) |
 \__, | \___/ \_____/ \__,_| \___||_|\_\ \___||_| |_| \__,_|       /___,'   \___||_| |_| |_| \___/ 
 |___/                                                                                             

2023-05-07 21:04:38	[INFO]:	main.go:41 
                 ___               _                      _            ___                         
  __ _   ___    / __\  __ _   ___ | | __  ___  _ __    __| |          /   \  ___  _ __ ___    ___  
 / _` | / _ \  /__\// / _` | / __|| |/ / / _ \| '_ \  / _` | _____   / /\ / / _ \| '_ ` _ \  / _ \ 
| (_| || (_) |/ \/  \| (_| || (__ |   < |  __/| | | || (_| ||_____| / /_// |  __/| | | | | || (_) |
 \__, | \___/ \_____/ \__,_| \___||_|\_\ \___||_| |_| \__,_|       /___,'   \___||_| |_| |_| \___/ 
 |___/                                                                                             

2023-05-07 21:05:31	[INFO]:	main.go:41 
                 ___               _                      _            ___                         
  __ _   ___    / __\  __ _   ___ | | __  ___  _ __    __| |          /   \  ___  _ __ ___    ___  
 / _` | / _ \  /__\// / _` | / __|| |/ / / _ \| '_ \  / _` | _____   / /\ / / _ \| '_ ` _ \  / _ \ 
| (_| || (_) |/ \/  \| (_| || (__ |   < |  __/| | | || (_| ||_____| / /_// |  __/| | | | | || (_) |
 \__, | \___/ \_____/ \__,_| \___||_|\_\ \___||_| |_| \__,_|       /___,'   \___||_| |_| |_| \___/ 
 |___/                                                                                             

2023-05-07 21:05:47	[INFO]:	main.go:41 
                 ___               _                      _            ___                         
  __ _   ___    / __\  __ _   ___ | | __  ___  _ __    __| |          /   \  ___  _ __ ___    ___  
 / _` | / _ \  /__\// / _` | / __|| |/ / / _ \| '_ \  / _` | _____   / /\ / / _ \| '_ ` _ \  / _ \ 
| (_| || (_) |/ \/  \| (_| || (__ |   < |  __/| | | || (_| ||_____| / /_// |  __/| | | | | || (_) |
 \__, | \___/ \_____/ \__,_| \___||_|\_\ \___||_| |_| \__,_|       /___,'   \___||_| |_| |_| \___/ 
 |___/                                                                                             

2023-05-07 21:06:46	[INFO]:	main.go:41 
                 ___               _                      _            ___                         
  __ _   ___    / __\  __ _   ___ | | __  ___  _ __    __| |          /   \  ___  _ __ ___    ___  
 / _` | / _ \  /__\// / _` | / __|| |/ / / _ \| '_ \  / _` | _____   / /\ / / _ \| '_ ` _ \  / _ \ 
| (_| || (_) |/ \/  \| (_| || (__ |   < |  __/| | | || (_| ||_____| / /_// |  __/| | | | | || (_) |
 \__, | \___/ \_____/ \__,_| \___||_|\_\ \___||_| |_| \__,_|       /___,'   \___||_| |_| |_| \___/ 
 |___/                                                                                             

2023-05-07 21:07:32	[INFO]:	main.go:41 
                 ___               _                      _            ___                         
  __ _   ___    / __\  __ _   ___ | | __  ___  _ __    __| |          /   \  ___  _ __ ___    ___  
 / _` | / _ \  /__\// / _` | / __|| |/ / / _ \| '_ \  / _` | _____   / /\ / / _ \| '_ ` _ \  / _ \ 
| (_| || (_) |/ \/  \| (_| || (__ |   < |  __/| | | || (_| ||_____| / /_// |  __/| | | | | || (_) |
 \__, | \___/ \_____/ \__,_| \___||_|\_\ \___||_| |_| \__,_|       /___,'   \___||_| |_| |_| \___/ 
 |___/                                                                                             

2023-05-07 21:13:10	[INFO]:	main.go:41 
                 ___               _                      _            ___                         
  __ _   ___    / __\  __ _   ___ | | __  ___  _ __    __| |          /   \  ___  _ __ ___    ___  
 / _` | / _ \  /__\// / _` | / __|| |/ / / _ \| '_ \  / _` | _____   / /\ / / _ \| '_ ` _ \  / _ \ 
| (_| || (_) |/ \/  \| (_| || (__ |   < |  __/| | | || (_| ||_____| / /_// |  __/| | | | | || (_) |
 \__, | \___/ \_____/ \__,_| \___||_|\_\ \___||_| |_| \__,_|       /___,'   \___||_| |_| |_| \___/ 
 |___/                                                                                             

2023-05-07 21:18:44	[INFO]:	main.go:41 
                 ___               _                      _            ___                         
  __ _   ___    / __\  __ _   ___ | | __  ___  _ __    __| |          /   \  ___  _ __ ___    ___  
 / _` | / _ \  /__\// / _` | / __|| |/ / / _ \| '_ \  / _` | _____   / /\ / / _ \| '_ ` _ \  / _ \ 
| (_| || (_) |/ \/  \| (_| || (__ |   < |  __/| | | || (_| ||_____| / /_// |  __/| | | | | || (_) |
 \__, | \___/ \_____/ \__,_| \___||_|\_\ \___||_| |_| \__,_|       /___,'   \___||_| |_| |_| \___/ 
 |___/                                                                                             

2023-05-07 21:20:01	[INFO]:	main.go:41 
                 ___               _                      _            ___                         
  __ _   ___    / __\  __ _   ___ | | __  ___  _ __    __| |          /   \  ___  _ __ ___    ___  
 / _` | / _ \  /__\// / _` | / __|| |/ / / _ \| '_ \  / _` | _____   / /\ / / _ \| '_ ` _ \  / _ \ 
| (_| || (_) |/ \/  \| (_| || (__ |   < |  __/| | | || (_| ||_____| / /_// |  __/| | | | | || (_) |
 \__, | \___/ \_____/ \__,_| \___||_|\_\ \___||_| |_| \__,_|       /___,'   \___||_| |_| |_| \___/ 
 |___/                                                                                             

2023-05-07 21:21:09	[INFO]:	main.go:41 
                 ___               _                      _            ___                         
  __ _   ___    / __\  __ _   ___ | | __  ___  _ __    __| |          /   \  ___  _ __ ___    ___  
 / _` | / _ \  /__\// / _` | / __|| |/ / / _ \| '_ \  / _` | _____   / /\ / / _ \| '_ ` _ \  / _ \ 
| (_| || (_) |/ \/  \| (_| || (__ |   < |  __/| | | || (_| ||_____| / /_// |  __/| | | | | || (_) |
 \__, | \___/ \_____/ \__,_| \___||_|\_\ \___||_| |_| \__,_|       /___,'   \___||_| |_| |_| \___/ 
 |___/                                                                                             

2023-05-07 21:21:26	[INFO]:	main.go:41 
                 ___               _                      _            ___                         
  __ _   ___    / __\  __ _   ___ | | __  ___  _ __    __| |          /   \  ___  _ __ ___    ___  
 / _` | / _ \  /__\// / _` | / __|| |/ / / _ \| '_ \  / _` | _____   / /\ / / _ \| '_ ` _ \  / _ \ 
| (_| || (_) |/ \/  \| (_| || (__ |   < |  __/| | | || (_| ||_____| / /_// |  __/| | | | | || (_) |
 \__, | \___/ \_____/ \__,_| \___||_|\_\ \___||_| |_| \__,_|       /___,'   \___||_| |_| |_| \___/ 
 |___/                                                                                             

2023-05-07 21:22:30	[INFO]:	main.go:41 
                 ___               _                      _            ___                         
  __ _   ___    / __\  __ _   ___ | | __  ___  _ __    __| |          /   \  ___  _ __ ___    ___  
 / _` | / _ \  /__\// / _` | / __|| |/ / / _ \| '_ \  / _` | _____   / /\ / / _ \| '_ ` _ \  / _ \ 
| (_| || (_) |/ \/  \| (_| || (__ |   < |  __/| | | || (_| ||_____| / /_// |  __/| | | | | || (_) |
 \__, | \___/ \_____/ \__,_| \___||_|\_\ \___||_| |_| \__,_|       /___,'   \___||_| |_| |_| \___/ 
 |___/                                                                                             

2023-05-08 08:44:20	[INFO]:	main.go:41 
                 ___               _                      _            ___                         
  __ _   ___    / __\  __ _   ___ | | __  ___  _ __    __| |          /   \  ___  _ __ ___    ___  
 / _` | / _ \  /__\// / _` | / __|| |/ / / _ \| '_ \  / _` | _____   / /\ / / _ \| '_ ` _ \  / _ \ 
| (_| || (_) |/ \/  \| (_| || (__ |   < |  __/| | | || (_| ||_____| / /_// |  __/| | | | | || (_) |
 \__, | \___/ \_____/ \__,_| \___||_|\_\ \___||_| |_| \__,_|       /___,'   \___||_| |_| |_| \___/ 
 |___/                                                                                             

2023-05-08 09:00:51	[INFO]:	main.go:41 
                 ___               _                      _            ___                         
  __ _   ___    / __\  __ _   ___ | | __  ___  _ __    __| |          /   \  ___  _ __ ___    ___  
 / _` | / _ \  /__\// / _` | / __|| |/ / / _ \| '_ \  / _` | _____   / /\ / / _ \| '_ ` _ \  / _ \ 
| (_| || (_) |/ \/  \| (_| || (__ |   < |  __/| | | || (_| ||_____| / /_// |  __/| | | | | || (_) |
 \__, | \___/ \_____/ \__,_| \___||_|\_\ \___||_| |_| \__,_|       /___,'   \___||_| |_| |_| \___/ 
 |___/                                                                                             

2023-05-08 09:09:55	[INFO]:	main.go:41 
                 ___               _                      _            ___                         
  __ _   ___    / __\  __ _   ___ | | __  ___  _ __    __| |          /   \  ___  _ __ ___    ___  
 / _` | / _ \  /__\// / _` | / __|| |/ / / _ \| '_ \  / _` | _____   / /\ / / _ \| '_ ` _ \  / _ \ 
| (_| || (_) |/ \/  \| (_| || (__ |   < |  __/| | | || (_| ||_____| / /_// |  __/| | | | | || (_) |
 \__, | \___/ \_____/ \__,_| \___||_|\_\ \___||_| |_| \__,_|       /___,'   \___||_| |_| |_| \___/ 
 |___/                                                                                             

2023-05-08 09:10:46	[INFO]:	main.go:41 
                 ___               _                      _            ___                         
  __ _   ___    / __\  __ _   ___ | | __  ___  _ __    __| |          /   \  ___  _ __ ___    ___  
 / _` | / _ \  /__\// / _` | / __|| |/ / / _ \| '_ \  / _` | _____   / /\ / / _ \| '_ ` _ \  / _ \ 
| (_| || (_) |/ \/  \| (_| || (__ |   < |  __/| | | || (_| ||_____| / /_// |  __/| | | | | || (_) |
 \__, | \___/ \_____/ \__,_| \___||_|\_\ \___||_| |_| \__,_|       /___,'   \___||_| |_| |_| \___/ 
 |___/                                                                                             

2023-05-08 09:11:29	[INFO]:	main.go:41 
                 ___               _                      _            ___                         
  __ _   ___    / __\  __ _   ___ | | __  ___  _ __    __| |          /   \  ___  _ __ ___    ___  
 / _` | / _ \  /__\// / _` | / __|| |/ / / _ \| '_ \  / _` | _____   / /\ / / _ \| '_ ` _ \  / _ \ 
| (_| || (_) |/ \/  \| (_| || (__ |   < |  __/| | | || (_| ||_____| / /_// |  __/| | | | | || (_) |
 \__, | \___/ \_____/ \__,_| \___||_|\_\ \___||_| |_| \__,_|       /___,'   \___||_| |_| |_| \___/ 
 |___/                                                                                             

2023-05-08 09:11:49	[INFO]:	main.go:41 
                 ___               _                      _            ___                         
  __ _   ___    / __\  __ _   ___ | | __  ___  _ __    __| |          /   \  ___  _ __ ___    ___  
 / _` | / _ \  /__\// / _` | / __|| |/ / / _ \| '_ \  / _` | _____   / /\ / / _ \| '_ ` _ \  / _ \ 
| (_| || (_) |/ \/  \| (_| || (__ |   < |  __/| | | || (_| ||_____| / /_// |  __/| | | | | || (_) |
 \__, | \___/ \_____/ \__,_| \___||_|\_\ \___||_| |_| \__,_|       /___,'   \___||_| |_| |_| \___/ 
 |___/                                                                                             

2023-05-09 10:14:15	[INFO]:	main.go:41 
                 ___               _                      _            ___                         
  __ _   ___    / __\  __ _   ___ | | __  ___  _ __    __| |          /   \  ___  _ __ ___    ___  
 / _` | / _ \  /__\// / _` | / __|| |/ / / _ \| '_ \  / _` | _____   / /\ / / _ \| '_ ` _ \  / _ \ 
| (_| || (_) |/ \/  \| (_| || (__ |   < |  __/| | | || (_| ||_____| / /_// |  __/| | | | | || (_) |
 \__, | \___/ \_____/ \__,_| \___||_|\_\ \___||_| |_| \__,_|       /___,'   \___||_| |_| |_| \___/ 
 |___/                                                                                             

2023-05-09 10:17:34	[INFO]:	main.go:41 
                 ___               _                      _            ___                         
  __ _   ___    / __\  __ _   ___ | | __  ___  _ __    __| |          /   \  ___  _ __ ___    ___  
 / _` | / _ \  /__\// / _` | / __|| |/ / / _ \| '_ \  / _` | _____   / /\ / / _ \| '_ ` _ \  / _ \ 
| (_| || (_) |/ \/  \| (_| || (__ |   < |  __/| | | || (_| ||_____| / /_// |  __/| | | | | || (_) |
 \__, | \___/ \_____/ \__,_| \___||_|\_\ \___||_| |_| \__,_|       /___,'   \___||_| |_| |_| \___/ 
 |___/                                                                                             

2023-05-09 10:18:46	[INFO]:	main.go:41 
                 ___               _                      _            ___                         
  __ _   ___    / __\  __ _   ___ | | __  ___  _ __    __| |          /   \  ___  _ __ ___    ___  
 / _` | / _ \  /__\// / _` | / __|| |/ / / _ \| '_ \  / _` | _____   / /\ / / _ \| '_ ` _ \  / _ \ 
| (_| || (_) |/ \/  \| (_| || (__ |   < |  __/| | | || (_| ||_____| / /_// |  __/| | | | | || (_) |
 \__, | \___/ \_____/ \__,_| \___||_|\_\ \___||_| |_| \__,_|       /___,'   \___||_| |_| |_| \___/ 
 |___/                                                                                             

2023-05-09 10:47:42	[INFO]:	main.go:41 
                 ___               _                      _            ___                         
  __ _   ___    / __\  __ _   ___ | | __  ___  _ __    __| |          /   \  ___  _ __ ___    ___  
 / _` | / _ \  /__\// / _` | / __|| |/ / / _ \| '_ \  / _` | _____   / /\ / / _ \| '_ ` _ \  / _ \ 
| (_| || (_) |/ \/  \| (_| || (__ |   < |  __/| | | || (_| ||_____| / /_// |  __/| | | | | || (_) |
 \__, | \___/ \_____/ \__,_| \___||_|\_\ \___||_| |_| \__,_|       /___,'   \___||_| |_| |_| \___/ 
 |___/                                                                                             

2023-05-09 10:48:09	[INFO]:	main.go:41 
                 ___               _                      _            ___                         
  __ _   ___    / __\  __ _   ___ | | __  ___  _ __    __| |          /   \  ___  _ __ ___    ___  
 / _` | / _ \  /__\// / _` | / __|| |/ / / _ \| '_ \  / _` | _____   / /\ / / _ \| '_ ` _ \  / _ \ 
| (_| || (_) |/ \/  \| (_| || (__ |   < |  __/| | | || (_| ||_____| / /_// |  __/| | | | | || (_) |
 \__, | \___/ \_____/ \__,_| \___||_|\_\ \___||_| |_| \__,_|       /___,'   \___||_| |_| |_| \___/ 
 |___/                                                                                             

2023-05-09 10:50:50	[INFO]:	main.go:41 
                 ___               _                      _            ___                         
  __ _   ___    / __\  __ _   ___ | | __  ___  _ __    __| |          /   \  ___  _ __ ___    ___  
 / _` | / _ \  /__\// / _` | / __|| |/ / / _ \| '_ \  / _` | _____   / /\ / / _ \| '_ ` _ \  / _ \ 
| (_| || (_) |/ \/  \| (_| || (__ |   < |  __/| | | || (_| ||_____| / /_// |  __/| | | | | || (_) |
 \__, | \___/ \_____/ \__,_| \___||_|\_\ \___||_| |_| \__,_|       /___,'   \___||_| |_| |_| \___/ 
 |___/                                                                                             

2023-05-09 12:56:02	[INFO]:	main.go:41 
                 ___               _                      _            ___                         
  __ _   ___    / __\  __ _   ___ | | __  ___  _ __    __| |          /   \  ___  _ __ ___    ___  
 / _` | / _ \  /__\// / _` | / __|| |/ / / _ \| '_ \  / _` | _____   / /\ / / _ \| '_ ` _ \  / _ \ 
| (_| || (_) |/ \/  \| (_| || (__ |   < |  __/| | | || (_| ||_____| / /_// |  __/| | | | | || (_) |
 \__, | \___/ \_____/ \__,_| \___||_|\_\ \___||_| |_| \__,_|       /___,'   \___||_| |_| |_| \___/ 
 |___/                                                                                             

2023-05-09 12:57:17	[INFO]:	main.go:41 
                 ___               _                      _            ___                         
  __ _   ___    / __\  __ _   ___ | | __  ___  _ __    __| |          /   \  ___  _ __ ___    ___  
 / _` | / _ \  /__\// / _` | / __|| |/ / / _ \| '_ \  / _` | _____   / /\ / / _ \| '_ ` _ \  / _ \ 
| (_| || (_) |/ \/  \| (_| || (__ |   < |  __/| | | || (_| ||_____| / /_// |  __/| | | | | || (_) |
 \__, | \___/ \_____/ \__,_| \___||_|\_\ \___||_| |_| \__,_|       /___,'   \___||_| |_| |_| \___/ 
 |___/                                                                                             

2023-05-09 13:01:11	[INFO]:	main.go:41 
                 ___               _                      _            ___                         
  __ _   ___    / __\  __ _   ___ | | __  ___  _ __    __| |          /   \  ___  _ __ ___    ___  
 / _` | / _ \  /__\// / _` | / __|| |/ / / _ \| '_ \  / _` | _____   / /\ / / _ \| '_ ` _ \  / _ \ 
| (_| || (_) |/ \/  \| (_| || (__ |   < |  __/| | | || (_| ||_____| / /_// |  __/| | | | | || (_) |
 \__, | \___/ \_____/ \__,_| \___||_|\_\ \___||_| |_| \__,_|       /___,'   \___||_| |_| |_| \___/ 
 |___/                                                                                             

2023-05-09 13:03:30	[INFO]:	main.go:41 
                 ___               _                      _            ___                         
  __ _   ___    / __\  __ _   ___ | | __  ___  _ __    __| |          /   \  ___  _ __ ___    ___  
 / _` | / _ \  /__\// / _` | / __|| |/ / / _ \| '_ \  / _` | _____   / /\ / / _ \| '_ ` _ \  / _ \ 
| (_| || (_) |/ \/  \| (_| || (__ |   < |  __/| | | || (_| ||_____| / /_// |  __/| | | | | || (_) |
 \__, | \___/ \_____/ \__,_| \___||_|\_\ \___||_| |_| \__,_|       /___,'   \___||_| |_| |_| \___/ 
 |___/                                                                                             

2023-05-09 13:17:28	[INFO]:	main.go:41 
                 ___               _                      _            ___                         
  __ _   ___    / __\  __ _   ___ | | __  ___  _ __    __| |          /   \  ___  _ __ ___    ___  
 / _` | / _ \  /__\// / _` | / __|| |/ / / _ \| '_ \  / _` | _____   / /\ / / _ \| '_ ` _ \  / _ \ 
| (_| || (_) |/ \/  \| (_| || (__ |   < |  __/| | | || (_| ||_____| / /_// |  __/| | | | | || (_) |
 \__, | \___/ \_____/ \__,_| \___||_|\_\ \___||_| |_| \__,_|       /___,'   \___||_| |_| |_| \___/ 
 |___/                                                                                             

2023-05-09 13:18:06	[INFO]:	main.go:41 
                 ___               _                      _            ___                         
  __ _   ___    / __\  __ _   ___ | | __  ___  _ __    __| |          /   \  ___  _ __ ___    ___  
 / _` | / _ \  /__\// / _` | / __|| |/ / / _ \| '_ \  / _` | _____   / /\ / / _ \| '_ ` _ \  / _ \ 
| (_| || (_) |/ \/  \| (_| || (__ |   < |  __/| | | || (_| ||_____| / /_// |  __/| | | | | || (_) |
 \__, | \___/ \_____/ \__,_| \___||_|\_\ \___||_| |_| \__,_|       /___,'   \___||_| |_| |_| \___/ 
 |___/                                                                                             

2023-05-09 13:18:55	[INFO]:	main.go:41 
                 ___               _                      _            ___                         
  __ _   ___    / __\  __ _   ___ | | __  ___  _ __    __| |          /   \  ___  _ __ ___    ___  
 / _` | / _ \  /__\// / _` | / __|| |/ / / _ \| '_ \  / _` | _____   / /\ / / _ \| '_ ` _ \  / _ \ 
| (_| || (_) |/ \/  \| (_| || (__ |   < |  __/| | | || (_| ||_____| / /_// |  __/| | | | | || (_) |
 \__, | \___/ \_____/ \__,_| \___||_|\_\ \___||_| |_| \__,_|       /___,'   \___||_| |_| |_| \___/ 
 |___/                                                                                             

2023-05-09 13:20:17	[INFO]:	main.go:41 
                 ___               _                      _            ___                         
  __ _   ___    / __\  __ _   ___ | | __  ___  _ __    __| |          /   \  ___  _ __ ___    ___  
 / _` | / _ \  /__\// / _` | / __|| |/ / / _ \| '_ \  / _` | _____   / /\ / / _ \| '_ ` _ \  / _ \ 
| (_| || (_) |/ \/  \| (_| || (__ |   < |  __/| | | || (_| ||_____| / /_// |  __/| | | | | || (_) |
 \__, | \___/ \_____/ \__,_| \___||_|\_\ \___||_| |_| \__,_|       /___,'   \___||_| |_| |_| \___/ 
 |___/                                                                                             

2023-05-09 13:24:35	[INFO]:	main.go:41 
                 ___               _                      _            ___                         
  __ _   ___    / __\  __ _   ___ | | __  ___  _ __    __| |          /   \  ___  _ __ ___    ___  
 / _` | / _ \  /__\// / _` | / __|| |/ / / _ \| '_ \  / _` | _____   / /\ / / _ \| '_ ` _ \  / _ \ 
| (_| || (_) |/ \/  \| (_| || (__ |   < |  __/| | | || (_| ||_____| / /_// |  __/| | | | | || (_) |
 \__, | \___/ \_____/ \__,_| \___||_|\_\ \___||_| |_| \__,_|       /___,'   \___||_| |_| |_| \___/ 
 |___/                                                                                             

2023-05-09 13:25:56	[INFO]:	main.go:41 
                 ___               _                      _            ___                         
  __ _   ___    / __\  __ _   ___ | | __  ___  _ __    __| |          /   \  ___  _ __ ___    ___  
 / _` | / _ \  /__\// / _` | / __|| |/ / / _ \| '_ \  / _` | _____   / /\ / / _ \| '_ ` _ \  / _ \ 
| (_| || (_) |/ \/  \| (_| || (__ |   < |  __/| | | || (_| ||_____| / /_// |  __/| | | | | || (_) |
 \__, | \___/ \_____/ \__,_| \___||_|\_\ \___||_| |_| \__,_|       /___,'   \___||_| |_| |_| \___/ 
 |___/                                                                                             

2023-05-09 13:31:50	[INFO]:	main.go:41 
                 ___               _                      _            ___                         
  __ _   ___    / __\  __ _   ___ | | __  ___  _ __    __| |          /   \  ___  _ __ ___    ___  
 / _` | / _ \  /__\// / _` | / __|| |/ / / _ \| '_ \  / _` | _____   / /\ / / _ \| '_ ` _ \  / _ \ 
| (_| || (_) |/ \/  \| (_| || (__ |   < |  __/| | | || (_| ||_____| / /_// |  __/| | | | | || (_) |
 \__, | \___/ \_____/ \__,_| \___||_|\_\ \___||_| |_| \__,_|       /___,'   \___||_| |_| |_| \___/ 
 |___/                                                                                             

2023-05-09 13:35:02	[INFO]:	main.go:41 
                 ___               _                      _            ___                         
  __ _   ___    / __\  __ _   ___ | | __  ___  _ __    __| |          /   \  ___  _ __ ___    ___  
 / _` | / _ \  /__\// / _` | / __|| |/ / / _ \| '_ \  / _` | _____   / /\ / / _ \| '_ ` _ \  / _ \ 
| (_| || (_) |/ \/  \| (_| || (__ |   < |  __/| | | || (_| ||_____| / /_// |  __/| | | | | || (_) |
 \__, | \___/ \_____/ \__,_| \___||_|\_\ \___||_| |_| \__,_|       /___,'   \___||_| |_| |_| \___/ 
 |___/                                                                                             

2023-05-09 13:42:51	[INFO]:	main.go:41 
                 ___               _                      _            ___                         
  __ _   ___    / __\  __ _   ___ | | __  ___  _ __    __| |          /   \  ___  _ __ ___    ___  
 / _` | / _ \  /__\// / _` | / __|| |/ / / _ \| '_ \  / _` | _____   / /\ / / _ \| '_ ` _ \  / _ \ 
| (_| || (_) |/ \/  \| (_| || (__ |   < |  __/| | | || (_| ||_____| / /_// |  __/| | | | | || (_) |
 \__, | \___/ \_____/ \__,_| \___||_|\_\ \___||_| |_| \__,_|       /___,'   \___||_| |_| |_| \___/ 
 |___/                                                                                             

2023-05-09 13:45:17	[INFO]:	main.go:41 
                 ___               _                      _            ___                         
  __ _   ___    / __\  __ _   ___ | | __  ___  _ __    __| |          /   \  ___  _ __ ___    ___  
 / _` | / _ \  /__\// / _` | / __|| |/ / / _ \| '_ \  / _` | _____   / /\ / / _ \| '_ ` _ \  / _ \ 
| (_| || (_) |/ \/  \| (_| || (__ |   < |  __/| | | || (_| ||_____| / /_// |  __/| | | | | || (_) |
 \__, | \___/ \_____/ \__,_| \___||_|\_\ \___||_| |_| \__,_|       /___,'   \___||_| |_| |_| \___/ 
 |___/                                                                                             

2023-05-09 15:15:53	[INFO]:	main.go:41 
                 ___               _                      _            ___                         
  __ _   ___    / __\  __ _   ___ | | __  ___  _ __    __| |          /   \  ___  _ __ ___    ___  
 / _` | / _ \  /__\// / _` | / __|| |/ / / _ \| '_ \  / _` | _____   / /\ / / _ \| '_ ` _ \  / _ \ 
| (_| || (_) |/ \/  \| (_| || (__ |   < |  __/| | | || (_| ||_____| / /_// |  __/| | | | | || (_) |
 \__, | \___/ \_____/ \__,_| \___||_|\_\ \___||_| |_| \__,_|       /___,'   \___||_| |_| |_| \___/ 
 |___/                                                                                             

2023-05-09 15:16:29	[INFO]:	main.go:41 
                 ___               _                      _            ___                         
  __ _   ___    / __\  __ _   ___ | | __  ___  _ __    __| |          /   \  ___  _ __ ___    ___  
 / _` | / _ \  /__\// / _` | / __|| |/ / / _ \| '_ \  / _` | _____   / /\ / / _ \| '_ ` _ \  / _ \ 
| (_| || (_) |/ \/  \| (_| || (__ |   < |  __/| | | || (_| ||_____| / /_// |  __/| | | | | || (_) |
 \__, | \___/ \_____/ \__,_| \___||_|\_\ \___||_| |_| \__,_|       /___,'   \___||_| |_| |_| \___/ 
 |___/                                                                                             

2023-05-09 15:19:14	[INFO]:	main.go:41 
                 ___               _                      _            ___                         
  __ _   ___    / __\  __ _   ___ | | __  ___  _ __    __| |          /   \  ___  _ __ ___    ___  
 / _` | / _ \  /__\// / _` | / __|| |/ / / _ \| '_ \  / _` | _____   / /\ / / _ \| '_ ` _ \  / _ \ 
| (_| || (_) |/ \/  \| (_| || (__ |   < |  __/| | | || (_| ||_____| / /_// |  __/| | | | | || (_) |
 \__, | \___/ \_____/ \__,_| \___||_|\_\ \___||_| |_| \__,_|       /___,'   \___||_| |_| |_| \___/ 
 |___/                                                                                             

2023-05-09 20:04:59	[INFO]:	main.go:41 
                 ___               _                      _            ___                         
  __ _   ___    / __\  __ _   ___ | | __  ___  _ __    __| |          /   \  ___  _ __ ___    ___  
 / _` | / _ \  /__\// / _` | / __|| |/ / / _ \| '_ \  / _` | _____   / /\ / / _ \| '_ ` _ \  / _ \ 
| (_| || (_) |/ \/  \| (_| || (__ |   < |  __/| | | || (_| ||_____| / /_// |  __/| | | | | || (_) |
 \__, | \___/ \_____/ \__,_| \___||_|\_\ \___||_| |_| \__,_|       /___,'   \___||_| |_| |_| \___/ 
 |___/                                                                                             

2023-05-09 20:09:59	[INFO]:	main.go:41 
                 ___               _                      _            ___                         
  __ _   ___    / __\  __ _   ___ | | __  ___  _ __    __| |          /   \  ___  _ __ ___    ___  
 / _` | / _ \  /__\// / _` | / __|| |/ / / _ \| '_ \  / _` | _____   / /\ / / _ \| '_ ` _ \  / _ \ 
| (_| || (_) |/ \/  \| (_| || (__ |   < |  __/| | | || (_| ||_____| / /_// |  __/| | | | | || (_) |
 \__, | \___/ \_____/ \__,_| \___||_|\_\ \___||_| |_| \__,_|       /___,'   \___||_| |_| |_| \___/ 
 |___/                                                                                             

2023-05-13 02:07:49	[INFO]:	main.go:41 
                 ___               _                      _            ___                         
  __ _   ___    / __\  __ _   ___ | | __  ___  _ __    __| |          /   \  ___  _ __ ___    ___  
 / _` | / _ \  /__\// / _` | / __|| |/ / / _ \| '_ \  / _` | _____   / /\ / / _ \| '_ ` _ \  / _ \ 
| (_| || (_) |/ \/  \| (_| || (__ |   < |  __/| | | || (_| ||_____| / /_// |  __/| | | | | || (_) |
 \__, | \___/ \_____/ \__,_| \___||_|\_\ \___||_| |_| \__,_|       /___,'   \___||_| |_| |_| \___/ 
 |___/                                                                                             

2023-05-13 02:20:14	[INFO]:	main.go:41 
                 ___               _                      _            ___                         
  __ _   ___    / __\  __ _   ___ | | __  ___  _ __    __| |          /   \  ___  _ __ ___    ___  
 / _` | / _ \  /__\// / _` | / __|| |/ / / _ \| '_ \  / _` | _____   / /\ / / _ \| '_ ` _ \  / _ \ 
| (_| || (_) |/ \/  \| (_| || (__ |   < |  __/| | | || (_| ||_____| / /_// |  __/| | | | | || (_) |
 \__, | \___/ \_____/ \__,_| \___||_|\_\ \___||_| |_| \__,_|       /___,'   \___||_| |_| |_| \___/ 
 |___/                                                                                             

2023-05-13 02:23:27	[INFO]:	main.go:41 
                 ___               _                      _            ___                         
  __ _   ___    / __\  __ _   ___ | | __  ___  _ __    __| |          /   \  ___  _ __ ___    ___  
 / _` | / _ \  /__\// / _` | / __|| |/ / / _ \| '_ \  / _` | _____   / /\ / / _ \| '_ ` _ \  / _ \ 
| (_| || (_) |/ \/  \| (_| || (__ |   < |  __/| | | || (_| ||_____| / /_// |  __/| | | | | || (_) |
 \__, | \___/ \_____/ \__,_| \___||_|\_\ \___||_| |_| \__,_|       /___,'   \___||_| |_| |_| \___/ 
 |___/                                                                                             

2023-05-13 02:31:18	[INFO]:	main.go:41 
                 ___               _                      _            ___                         
  __ _   ___    / __\  __ _   ___ | | __  ___  _ __    __| |          /   \  ___  _ __ ___    ___  
 / _` | / _ \  /__\// / _` | / __|| |/ / / _ \| '_ \  / _` | _____   / /\ / / _ \| '_ ` _ \  / _ \ 
| (_| || (_) |/ \/  \| (_| || (__ |   < |  __/| | | || (_| ||_____| / /_// |  __/| | | | | || (_) |
 \__, | \___/ \_____/ \__,_| \___||_|\_\ \___||_| |_| \__,_|       /___,'   \___||_| |_| |_| \___/ 
 |___/                                                                                             

2023-05-13 02:34:37	[INFO]:	main.go:41 
                 ___               _                      _            ___                         
  __ _   ___    / __\  __ _   ___ | | __  ___  _ __    __| |          /   \  ___  _ __ ___    ___  
 / _` | / _ \  /__\// / _` | / __|| |/ / / _ \| '_ \  / _` | _____   / /\ / / _ \| '_ ` _ \  / _ \ 
| (_| || (_) |/ \/  \| (_| || (__ |   < |  __/| | | || (_| ||_____| / /_// |  __/| | | | | || (_) |
 \__, | \___/ \_____/ \__,_| \___||_|\_\ \___||_| |_| \__,_|       /___,'   \___||_| |_| |_| \___/ 
 |___/                                                                                             

2023-05-13 02:35:39	[INFO]:	main.go:41 
                 ___               _                      _            ___                         
  __ _   ___    / __\  __ _   ___ | | __  ___  _ __    __| |          /   \  ___  _ __ ___    ___  
 / _` | / _ \  /__\// / _` | / __|| |/ / / _ \| '_ \  / _` | _____   / /\ / / _ \| '_ ` _ \  / _ \ 
| (_| || (_) |/ \/  \| (_| || (__ |   < |  __/| | | || (_| ||_____| / /_// |  __/| | | | | || (_) |
 \__, | \___/ \_____/ \__,_| \___||_|\_\ \___||_| |_| \__,_|       /___,'   \___||_| |_| |_| \___/ 
 |___/                                                                                             

2023-05-13 02:43:01	[INFO]:	main.go:41 
                 ___               _                      _            ___                         
  __ _   ___    / __\  __ _   ___ | | __  ___  _ __    __| |          /   \  ___  _ __ ___    ___  
 / _` | / _ \  /__\// / _` | / __|| |/ / / _ \| '_ \  / _` | _____   / /\ / / _ \| '_ ` _ \  / _ \ 
| (_| || (_) |/ \/  \| (_| || (__ |   < |  __/| | | || (_| ||_____| / /_// |  __/| | | | | || (_) |
 \__, | \___/ \_____/ \__,_| \___||_|\_\ \___||_| |_| \__,_|       /___,'   \___||_| |_| |_| \___/ 
 |___/                                                                                             

2023-05-13 02:46:10	[INFO]:	main.go:41 
                 ___               _                      _            ___                         
  __ _   ___    / __\  __ _   ___ | | __  ___  _ __    __| |          /   \  ___  _ __ ___    ___  
 / _` | / _ \  /__\// / _` | / __|| |/ / / _ \| '_ \  / _` | _____   / /\ / / _ \| '_ ` _ \  / _ \ 
| (_| || (_) |/ \/  \| (_| || (__ |   < |  __/| | | || (_| ||_____| / /_// |  __/| | | | | || (_) |
 \__, | \___/ \_____/ \__,_| \___||_|\_\ \___||_| |_| \__,_|       /___,'   \___||_| |_| |_| \___/ 
 |___/                                                                                             

2023-05-13 03:03:28	[INFO]:	main.go:41 
                 ___               _                      _            ___                         
  __ _   ___    / __\  __ _   ___ | | __  ___  _ __    __| |          /   \  ___  _ __ ___    ___  
 / _` | / _ \  /__\// / _` | / __|| |/ / / _ \| '_ \  / _` | _____   / /\ / / _ \| '_ ` _ \  / _ \ 
| (_| || (_) |/ \/  \| (_| || (__ |   < |  __/| | | || (_| ||_____| / /_// |  __/| | | | | || (_) |
 \__, | \___/ \_____/ \__,_| \___||_|\_\ \___||_| |_| \__,_|       /___,'   \___||_| |_| |_| \___/ 
 |___/                                                                                             

2023-05-13 03:24:17	[INFO]:	main.go:41 
                 ___               _                      _            ___                         
  __ _   ___    / __\  __ _   ___ | | __  ___  _ __    __| |          /   \  ___  _ __ ___    ___  
 / _` | / _ \  /__\// / _` | / __|| |/ / / _ \| '_ \  / _` | _____   / /\ / / _ \| '_ ` _ \  / _ \ 
| (_| || (_) |/ \/  \| (_| || (__ |   < |  __/| | | || (_| ||_____| / /_// |  __/| | | | | || (_) |
 \__, | \___/ \_____/ \__,_| \___||_|\_\ \___||_| |_| \__,_|       /___,'   \___||_| |_| |_| \___/ 
 |___/                                                                                             

2023-05-13 04:47:46	[INFO]:	main.go:41 
                 ___               _                      _            ___                         
  __ _   ___    / __\  __ _   ___ | | __  ___  _ __    __| |          /   \  ___  _ __ ___    ___  
 / _` | / _ \  /__\// / _` | / __|| |/ / / _ \| '_ \  / _` | _____   / /\ / / _ \| '_ ` _ \  / _ \ 
| (_| || (_) |/ \/  \| (_| || (__ |   < |  __/| | | || (_| ||_____| / /_// |  __/| | | | | || (_) |
 \__, | \___/ \_____/ \__,_| \___||_|\_\ \___||_| |_| \__,_|       /___,'   \___||_| |_| |_| \___/ 
 |___/                                                                                             

2023-05-14 06:02:42	[INFO]:	main.go:41 
                 ___               _                      _            ___                         
  __ _   ___    / __\  __ _   ___ | | __  ___  _ __    __| |          /   \  ___  _ __ ___    ___  
 / _` | / _ \  /__\// / _` | / __|| |/ / / _ \| '_ \  / _` | _____   / /\ / / _ \| '_ ` _ \  / _ \ 
| (_| || (_) |/ \/  \| (_| || (__ |   < |  __/| | | || (_| ||_____| / /_// |  __/| | | | | || (_) |
 \__, | \___/ \_____/ \__,_| \___||_|\_\ \___||_| |_| \__,_|       /___,'   \___||_| |_| |_| \___/ 
 |___/                                                                                             

2023-05-17 00:50:33	[INFO]:	main.go:41 
                 ___               _                      _            ___                         
  __ _   ___    / __\  __ _   ___ | | __  ___  _ __    __| |          /   \  ___  _ __ ___    ___  
 / _` | / _ \  /__\// / _` | / __|| |/ / / _ \| '_ \  / _` | _____   / /\ / / _ \| '_ ` _ \  / _ \ 
| (_| || (_) |/ \/  \| (_| || (__ |   < |  __/| | | || (_| ||_____| / /_// |  __/| | | | | || (_) |
 \__, | \___/ \_____/ \__,_| \___||_|\_\ \___||_| |_| \__,_|       /___,'   \___||_| |_| |_| \___/ 
 |___/                                                                                             

2023-05-17 07:52:44	[INFO]:	main.go:41 
                 ___               _                      _            ___                         
  __ _   ___    / __\  __ _   ___ | | __  ___  _ __    __| |          /   \  ___  _ __ ___    ___  
 / _` | / _ \  /__\// / _` | / __|| |/ / / _ \| '_ \  / _` | _____   / /\ / / _ \| '_ ` _ \  / _ \ 
| (_| || (_) |/ \/  \| (_| || (__ |   < |  __/| | | || (_| ||_____| / /_// |  __/| | | | | || (_) |
 \__, | \___/ \_____/ \__,_| \___||_|\_\ \___||_| |_| \__,_|       /___,'   \___||_| |_| |_| \___/ 
 |___/                                                                                             

2023-05-18 03:07:15	[INFO]:	main.go:41 
                 ___               _                      _            ___                         
  __ _   ___    / __\  __ _   ___ | | __  ___  _ __    __| |          /   \  ___  _ __ ___    ___  
 / _` | / _ \  /__\// / _` | / __|| |/ / / _ \| '_ \  / _` | _____   / /\ / / _ \| '_ ` _ \  / _ \ 
| (_| || (_) |/ \/  \| (_| || (__ |   < |  __/| | | || (_| ||_____| / /_// |  __/| | | | | || (_) |
 \__, | \___/ \_____/ \__,_| \___||_|\_\ \___||_| |_| \__,_|       /___,'   \___||_| |_| |_| \___/ 
 |___/                                                                                             

2023-05-18 03:10:12	[INFO]:	main.go:41 
                 ___               _                      _            ___                         
  __ _   ___    / __\  __ _   ___ | | __  ___  _ __    __| |          /   \  ___  _ __ ___    ___  
 / _` | / _ \  /__\// / _` | / __|| |/ / / _ \| '_ \  / _` | _____   / /\ / / _ \| '_ ` _ \  / _ \ 
| (_| || (_) |/ \/  \| (_| || (__ |   < |  __/| | | || (_| ||_____| / /_// |  __/| | | | | || (_) |
 \__, | \___/ \_____/ \__,_| \___||_|\_\ \___||_| |_| \__,_|       /___,'   \___||_| |_| |_| \___/ 
 |___/                                                                                             

2023-05-22 00:49:48	[INFO]:	main.go:41 
                 ___               _                      _            ___                         
  __ _   ___    / __\  __ _   ___ | | __  ___  _ __    __| |          /   \  ___  _ __ ___    ___  
 / _` | / _ \  /__\// / _` | / __|| |/ / / _ \| '_ \  / _` | _____   / /\ / / _ \| '_ ` _ \  / _ \ 
| (_| || (_) |/ \/  \| (_| || (__ |   < |  __/| | | || (_| ||_____| / /_// |  __/| | | | | || (_) |
 \__, | \___/ \_____/ \__,_| \___||_|\_\ \___||_| |_| \__,_|       /___,'   \___||_| |_| |_| \___/ 
 |___/                                                                                             

2023-05-22 00:50:32	[INFO]:	main.go:41 
                 ___               _                      _            ___                         
  __ _   ___    / __\  __ _   ___ | | __  ___  _ __    __| |          /   \  ___  _ __ ___    ___  
 / _` | / _ \  /__\// / _` | / __|| |/ / / _ \| '_ \  / _` | _____   / /\ / / _ \| '_ ` _ \  / _ \ 
| (_| || (_) |/ \/  \| (_| || (__ |   < |  __/| | | || (_| ||_____| / /_// |  __/| | | | | || (_) |
 \__, | \___/ \_____/ \__,_| \___||_|\_\ \___||_| |_| \__,_|       /___,'   \___||_| |_| |_| \___/ 
 |___/                                                                                             

2023-05-23 01:05:06	[INFO]:	main.go:41 
                 ___               _                      _            ___                         
  __ _   ___    / __\  __ _   ___ | | __  ___  _ __    __| |          /   \  ___  _ __ ___    ___  
 / _` | / _ \  /__\// / _` | / __|| |/ / / _ \| '_ \  / _` | _____   / /\ / / _ \| '_ ` _ \  / _ \ 
| (_| || (_) |/ \/  \| (_| || (__ |   < |  __/| | | || (_| ||_____| / /_// |  __/| | | | | || (_) |
 \__, | \___/ \_____/ \__,_| \___||_|\_\ \___||_| |_| \__,_|       /___,'   \___||_| |_| |_| \___/ 
 |___/                                                                                             

2023-05-23 01:06:28	[INFO]:	main.go:41 
                 ___               _                      _            ___                         
  __ _   ___    / __\  __ _   ___ | | __  ___  _ __    __| |          /   \  ___  _ __ ___    ___  
 / _` | / _ \  /__\// / _` | / __|| |/ / / _ \| '_ \  / _` | _____   / /\ / / _ \| '_ ` _ \  / _ \ 
| (_| || (_) |/ \/  \| (_| || (__ |   < |  __/| | | || (_| ||_____| / /_// |  __/| | | | | || (_) |
 \__, | \___/ \_____/ \__,_| \___||_|\_\ \___||_| |_| \__,_|       /___,'   \___||_| |_| |_| \___/ 
 |___/                                                                                             

2023-05-23 01:07:49	[INFO]:	main.go:41 
                 ___               _                      _            ___                         
  __ _   ___    / __\  __ _   ___ | | __  ___  _ __    __| |          /   \  ___  _ __ ___    ___  
 / _` | / _ \  /__\// / _` | / __|| |/ / / _ \| '_ \  / _` | _____   / /\ / / _ \| '_ ` _ \  / _ \ 
| (_| || (_) |/ \/  \| (_| || (__ |   < |  __/| | | || (_| ||_____| / /_// |  __/| | | | | || (_) |
 \__, | \___/ \_____/ \__,_| \___||_|\_\ \___||_| |_| \__,_|       /___,'   \___||_| |_| |_| \___/ 
 |___/                                                                                             

2023-05-30 00:52:48	[INFO]:	main.go:43 
                 ___               _                      _            ___                         
  __ _   ___    / __\  __ _   ___ | | __  ___  _ __    __| |          /   \  ___  _ __ ___    ___  
 / _` | / _ \  /__\// / _` | / __|| |/ / / _ \| '_ \  / _` | _____   / /\ / / _ \| '_ ` _ \  / _ \ 
| (_| || (_) |/ \/  \| (_| || (__ |   < |  __/| | | || (_| ||_____| / /_// |  __/| | | | | || (_) |
 \__, | \___/ \_____/ \__,_| \___||_|\_\ \___||_| |_| \__,_|       /___,'   \___||_| |_| |_| \___/ 
 |___/                                                                                             

